2018-11-14T09:25:50+00:00 CRITICAL Uncaught Error: Call to a member function get_data() on boolean in /var/www/html/wp-content/themes/dokan-child/api-functions.php:1362
Stack trace:
#0 /var/www/html/wp-includes/rest-api/class-wp-rest-server.php(936): bizgofer_product_detail(Object(WP_REST_Request))
#1 /var/www/html/wp-includes/rest-api/class-wp-rest-server.php(321): WP_REST_Server->dispatch(Object(WP_REST_Request))
#2 /var/www/html/wp-includes/rest-api.php(266): WP_REST_Server->serve_request('/bizgofer_apis/...')
#3 /var/www/html/wp-includes/class-wp-hook.php(286): rest_api_loaded(Object(WP))
#4 /var/www/html/wp-includes/class-wp-hook.php(310): WP_Hook->apply_filters(NULL, Array)
#5 /var/www/html/wp-includes/plugin.php(515): WP_Hook->do_action(Array)
#6 /var/www/html/wp-includes/class-wp.php(373): do_action_ref_array('parse_request', Array)
#7 /var/www/html/wp-includes/class-wp.php(713): WP->parse_request('')
#8 /var/www/html/wp-includes/functions.php(960): WP->main('')
#9 /var/www/html/wp-blog-header.php(16): wp()
#10 /var/www/html/index.php( in /var/www/html/wp-content/themes/dokan-child/api-functions.php on line 1362

2018-11-14T09:27:51+00:00 CRITICAL Uncaught Error: Call to a member function get_data() on boolean in /var/www/html/wp-content/themes/dokan-child/api-functions.php:1362
Stack trace:
#0 /var/www/html/wp-includes/rest-api/class-wp-rest-server.php(936): bizgofer_product_detail(Object(WP_REST_Request))
#1 /var/www/html/wp-includes/rest-api/class-wp-rest-server.php(321): WP_REST_Server->dispatch(Object(WP_REST_Request))
#2 /var/www/html/wp-includes/rest-api.php(266): WP_REST_Server->serve_request('/bizgofer_apis/...')
#3 /var/www/html/wp-includes/class-wp-hook.php(286): rest_api_loaded(Object(WP))
#4 /var/www/html/wp-includes/class-wp-hook.php(310): WP_Hook->apply_filters(NULL, Array)
#5 /var/www/html/wp-includes/plugin.php(515): WP_Hook->do_action(Array)
#6 /var/www/html/wp-includes/class-wp.php(373): do_action_ref_array('parse_request', Array)
#7 /var/www/html/wp-includes/class-wp.php(713): WP->parse_request('')
#8 /var/www/html/wp-includes/functions.php(960): WP->main('')
#9 /var/www/html/wp-blog-header.php(16): wp()
#10 /var/www/html/index.php( in /var/www/html/wp-content/themes/dokan-child/api-functions.php on line 1362

2018-11-14T09:28:04+00:00 CRITICAL Uncaught Error: Call to a member function get_data() on boolean in /var/www/html/wp-content/themes/dokan-child/api-functions.php:1362
Stack trace:
#0 /var/www/html/wp-includes/rest-api/class-wp-rest-server.php(936): bizgofer_product_detail(Object(WP_REST_Request))
#1 /var/www/html/wp-includes/rest-api/class-wp-rest-server.php(321): WP_REST_Server->dispatch(Object(WP_REST_Request))
#2 /var/www/html/wp-includes/rest-api.php(266): WP_REST_Server->serve_request('/bizgofer_apis/...')
#3 /var/www/html/wp-includes/class-wp-hook.php(286): rest_api_loaded(Object(WP))
#4 /var/www/html/wp-includes/class-wp-hook.php(310): WP_Hook->apply_filters(NULL, Array)
#5 /var/www/html/wp-includes/plugin.php(515): WP_Hook->do_action(Array)
#6 /var/www/html/wp-includes/class-wp.php(373): do_action_ref_array('parse_request', Array)
#7 /var/www/html/wp-includes/class-wp.php(713): WP->parse_request('')
#8 /var/www/html/wp-includes/functions.php(960): WP->main('')
#9 /var/www/html/wp-blog-header.php(16): wp()
#10 /var/www/html/index.php( in /var/www/html/wp-content/themes/dokan-child/api-functions.php on line 1362

2018-11-14T09:42:54+00:00 CRITICAL Uncaught Error: Call to a member function get_id() on boolean in /var/www/html/wp-content/themes/dokan-child/api-functions.php:437
Stack trace:
#0 /var/www/html/wp-content/themes/dokan-child/api-functions.php(1449): bizgofer_get_particular_variation_data('')
#1 /var/www/html/wp-includes/rest-api/class-wp-rest-server.php(936): bizgofer_product_detail(Object(WP_REST_Request))
#2 /var/www/html/wp-includes/rest-api/class-wp-rest-server.php(321): WP_REST_Server->dispatch(Object(WP_REST_Request))
#3 /var/www/html/wp-includes/rest-api.php(266): WP_REST_Server->serve_request('/bizgofer_apis/...')
#4 /var/www/html/wp-includes/class-wp-hook.php(286): rest_api_loaded(Object(WP))
#5 /var/www/html/wp-includes/class-wp-hook.php(310): WP_Hook->apply_filters(NULL, Array)
#6 /var/www/html/wp-includes/plugin.php(515): WP_Hook->do_action(Array)
#7 /var/www/html/wp-includes/class-wp.php(373): do_action_ref_array('parse_request', Array)
#8 /var/www/html/wp-includes/class-wp.php(713): WP->parse_request('')
#9 /var/www/html/wp-incl in /var/www/html/wp-content/themes/dokan-child/api-functions.php on line 437

