2018-11-12T11:23:51+00:00 CRITICAL Uncaught Error: Call to a member function get_header() on array in /var/www/html/wp-content/themes/dokan-child/api-functions.php:5574
Stack trace:
#0 /var/www/html/wp-includes/rest-api/class-wp-rest-server.php(936): bizgofer_pre_checkout(Array)
#1 /var/www/html/wp-includes/rest-api/class-wp-rest-server.php(321): WP_REST_Server->dispatch(Object(WP_REST_Request))
#2 /var/www/html/wp-includes/rest-api.php(266): WP_REST_Server->serve_request('/bizgofer_apis/...')
#3 /var/www/html/wp-includes/class-wp-hook.php(286): rest_api_loaded(Object(WP))
#4 /var/www/html/wp-includes/class-wp-hook.php(310): WP_Hook->apply_filters(NULL, Array)
#5 /var/www/html/wp-includes/plugin.php(515): WP_Hook->do_action(Array)
#6 /var/www/html/wp-includes/class-wp.php(373): do_action_ref_array('parse_request', Array)
#7 /var/www/html/wp-includes/class-wp.php(713): WP->parse_request('')
#8 /var/www/html/wp-includes/functions.php(960): WP->main('')
#9 /var/www/html/wp-blog-header.php(16): wp()
#10 /var/www/html/index.php(17): require('/var/w in /var/www/html/wp-content/themes/dokan-child/api-functions.php on line 5574

2018-11-12T11:24:36+00:00 CRITICAL Uncaught Error: Call to a member function get_header() on array in /var/www/html/wp-content/themes/dokan-child/api-functions.php:5574
Stack trace:
#0 /var/www/html/wp-includes/rest-api/class-wp-rest-server.php(936): bizgofer_pre_checkout(Array)
#1 /var/www/html/wp-includes/rest-api/class-wp-rest-server.php(321): WP_REST_Server->dispatch(Object(WP_REST_Request))
#2 /var/www/html/wp-includes/rest-api.php(266): WP_REST_Server->serve_request('/bizgofer_apis/...')
#3 /var/www/html/wp-includes/class-wp-hook.php(286): rest_api_loaded(Object(WP))
#4 /var/www/html/wp-includes/class-wp-hook.php(310): WP_Hook->apply_filters(NULL, Array)
#5 /var/www/html/wp-includes/plugin.php(515): WP_Hook->do_action(Array)
#6 /var/www/html/wp-includes/class-wp.php(373): do_action_ref_array('parse_request', Array)
#7 /var/www/html/wp-includes/class-wp.php(713): WP->parse_request('')
#8 /var/www/html/wp-includes/functions.php(960): WP->main('')
#9 /var/www/html/wp-blog-header.php(16): wp()
#10 /var/www/html/index.php(17): require('/var/w in /var/www/html/wp-content/themes/dokan-child/api-functions.php on line 5574

2018-11-12T11:25:19+00:00 CRITICAL Uncaught Error: Call to a member function get_header() on array in /var/www/html/wp-content/themes/dokan-child/api-functions.php:5574
Stack trace:
#0 /var/www/html/wp-includes/rest-api/class-wp-rest-server.php(936): bizgofer_pre_checkout(Array)
#1 /var/www/html/wp-includes/rest-api/class-wp-rest-server.php(321): WP_REST_Server->dispatch(Object(WP_REST_Request))
#2 /var/www/html/wp-includes/rest-api.php(266): WP_REST_Server->serve_request('/bizgofer_apis/...')
#3 /var/www/html/wp-includes/class-wp-hook.php(286): rest_api_loaded(Object(WP))
#4 /var/www/html/wp-includes/class-wp-hook.php(310): WP_Hook->apply_filters(NULL, Array)
#5 /var/www/html/wp-includes/plugin.php(515): WP_Hook->do_action(Array)
#6 /var/www/html/wp-includes/class-wp.php(373): do_action_ref_array('parse_request', Array)
#7 /var/www/html/wp-includes/class-wp.php(713): WP->parse_request('')
#8 /var/www/html/wp-includes/functions.php(960): WP->main('')
#9 /var/www/html/wp-blog-header.php(16): wp()
#10 /var/www/html/index.php(17): require('/var/w in /var/www/html/wp-content/themes/dokan-child/api-functions.php on line 5574

2018-11-12T11:25:30+00:00 CRITICAL Uncaught Error: Call to a member function get_header() on array in /var/www/html/wp-content/themes/dokan-child/api-functions.php:5574
Stack trace:
#0 /var/www/html/wp-includes/rest-api/class-wp-rest-server.php(936): bizgofer_pre_checkout(Array)
#1 /var/www/html/wp-includes/rest-api/class-wp-rest-server.php(321): WP_REST_Server->dispatch(Object(WP_REST_Request))
#2 /var/www/html/wp-includes/rest-api.php(266): WP_REST_Server->serve_request('/bizgofer_apis/...')
#3 /var/www/html/wp-includes/class-wp-hook.php(286): rest_api_loaded(Object(WP))
#4 /var/www/html/wp-includes/class-wp-hook.php(310): WP_Hook->apply_filters(NULL, Array)
#5 /var/www/html/wp-includes/plugin.php(515): WP_Hook->do_action(Array)
#6 /var/www/html/wp-includes/class-wp.php(373): do_action_ref_array('parse_request', Array)
#7 /var/www/html/wp-includes/class-wp.php(713): WP->parse_request('')
#8 /var/www/html/wp-includes/functions.php(960): WP->main('')
#9 /var/www/html/wp-blog-header.php(16): wp()
#10 /var/www/html/index.php(17): require('/var/w in /var/www/html/wp-content/themes/dokan-child/api-functions.php on line 5574

2018-11-12T11:26:24+00:00 CRITICAL Uncaught Error: Call to a member function get_header() on array in /var/www/html/wp-content/themes/dokan-child/api-functions.php:5574
Stack trace:
#0 /var/www/html/wp-includes/rest-api/class-wp-rest-server.php(936): bizgofer_pre_checkout(Array)
#1 /var/www/html/wp-includes/rest-api/class-wp-rest-server.php(321): WP_REST_Server->dispatch(Object(WP_REST_Request))
#2 /var/www/html/wp-includes/rest-api.php(266): WP_REST_Server->serve_request('/bizgofer_apis/...')
#3 /var/www/html/wp-includes/class-wp-hook.php(286): rest_api_loaded(Object(WP))
#4 /var/www/html/wp-includes/class-wp-hook.php(310): WP_Hook->apply_filters(NULL, Array)
#5 /var/www/html/wp-includes/plugin.php(515): WP_Hook->do_action(Array)
#6 /var/www/html/wp-includes/class-wp.php(373): do_action_ref_array('parse_request', Array)
#7 /var/www/html/wp-includes/class-wp.php(713): WP->parse_request('')
#8 /var/www/html/wp-includes/functions.php(960): WP->main('')
#9 /var/www/html/wp-blog-header.php(16): wp()
#10 /var/www/html/index.php(17): require('/var/w in /var/www/html/wp-content/themes/dokan-child/api-functions.php on line 5574

2018-11-12T11:26:54+00:00 CRITICAL Uncaught Error: Call to a member function get_header() on array in /var/www/html/wp-content/themes/dokan-child/api-functions.php:5574
Stack trace:
#0 /var/www/html/wp-includes/rest-api/class-wp-rest-server.php(936): bizgofer_pre_checkout(Array)
#1 /var/www/html/wp-includes/rest-api/class-wp-rest-server.php(321): WP_REST_Server->dispatch(Object(WP_REST_Request))
#2 /var/www/html/wp-includes/rest-api.php(266): WP_REST_Server->serve_request('/bizgofer_apis/...')
#3 /var/www/html/wp-includes/class-wp-hook.php(286): rest_api_loaded(Object(WP))
#4 /var/www/html/wp-includes/class-wp-hook.php(310): WP_Hook->apply_filters(NULL, Array)
#5 /var/www/html/wp-includes/plugin.php(515): WP_Hook->do_action(Array)
#6 /var/www/html/wp-includes/class-wp.php(373): do_action_ref_array('parse_request', Array)
#7 /var/www/html/wp-includes/class-wp.php(713): WP->parse_request('')
#8 /var/www/html/wp-includes/functions.php(960): WP->main('')
#9 /var/www/html/wp-blog-header.php(16): wp()
#10 /var/www/html/index.php(17): require('/var/w in /var/www/html/wp-content/themes/dokan-child/api-functions.php on line 5574

2018-11-12T13:06:45+00:00 CRITICAL syntax error, unexpected end of file in /var/www/html/wp-content/themes/dokan-child/api-functions.php on line 3583

