2018-11-13T11:37:16+00:00 CRITICAL syntax error, unexpected end of file in /var/www/html/wp-content/themes/dokan-child/api-functions.php on line 1743

2018-11-13T12:20:22+00:00 CRITICAL Uncaught Error: Call to a member function get_regular_price() on boolean in /var/www/html/wp-content/themes/dokan-child/api-functions.php:5641
Stack trace:
#0 /var/www/html/wp-content/themes/dokan-child/api-functions.php(5845): biz_create_discounted_cart_order_price(1, 57, 2, 'firstcoupon')
#1 /var/www/html/wp-includes/rest-api/class-wp-rest-server.php(936): bizgofer_pre_checkout(Array)
#2 /var/www/html/wp-includes/rest-api/class-wp-rest-server.php(321): WP_REST_Server->dispatch(Object(WP_REST_Request))
#3 /var/www/html/wp-includes/rest-api.php(266): WP_REST_Server->serve_request('/bizgofer_apis/...')
#4 /var/www/html/wp-includes/class-wp-hook.php(286): rest_api_loaded(Object(WP))
#5 /var/www/html/wp-includes/class-wp-hook.php(310): WP_Hook->apply_filters(NULL, Array)
#6 /var/www/html/wp-includes/plugin.php(515): WP_Hook->do_action(Array)
#7 /var/www/html/wp-includes/class-wp.php(373): do_action_ref_array('parse_request', Array)
#8 /var/www/html/wp-includes/class-wp.php(713): WP->parse_request('')
#9 /var/www in /var/www/html/wp-content/themes/dokan-child/api-functions.php on line 5641

2018-11-13T12:23:04+00:00 CRITICAL Uncaught Error: Call to a member function get_regular_price() on boolean in /var/www/html/wp-content/themes/dokan-child/api-functions.php:5641
Stack trace:
#0 /var/www/html/wp-content/themes/dokan-child/api-functions.php(5845): biz_create_discounted_cart_order_price(1, 57, 2, 'firstcoupon')
#1 /var/www/html/wp-includes/rest-api/class-wp-rest-server.php(936): bizgofer_pre_checkout(Array)
#2 /var/www/html/wp-includes/rest-api/class-wp-rest-server.php(321): WP_REST_Server->dispatch(Object(WP_REST_Request))
#3 /var/www/html/wp-includes/rest-api.php(266): WP_REST_Server->serve_request('/bizgofer_apis/...')
#4 /var/www/html/wp-includes/class-wp-hook.php(286): rest_api_loaded(Object(WP))
#5 /var/www/html/wp-includes/class-wp-hook.php(310): WP_Hook->apply_filters(NULL, Array)
#6 /var/www/html/wp-includes/plugin.php(515): WP_Hook->do_action(Array)
#7 /var/www/html/wp-includes/class-wp.php(373): do_action_ref_array('parse_request', Array)
#8 /var/www/html/wp-includes/class-wp.php(713): WP->parse_request('')
#9 /var/www in /var/www/html/wp-content/themes/dokan-child/api-functions.php on line 5641

2018-11-13T12:23:41+00:00 CRITICAL Uncaught Error: Call to a member function get_regular_price() on boolean in /var/www/html/wp-content/themes/dokan-child/api-functions.php:5641
Stack trace:
#0 /var/www/html/wp-content/themes/dokan-child/api-functions.php(5845): biz_create_discounted_cart_order_price(1, 57, 2, 'firstcoupon')
#1 /var/www/html/wp-includes/rest-api/class-wp-rest-server.php(936): bizgofer_pre_checkout(Array)
#2 /var/www/html/wp-includes/rest-api/class-wp-rest-server.php(321): WP_REST_Server->dispatch(Object(WP_REST_Request))
#3 /var/www/html/wp-includes/rest-api.php(266): WP_REST_Server->serve_request('/bizgofer_apis/...')
#4 /var/www/html/wp-includes/class-wp-hook.php(286): rest_api_loaded(Object(WP))
#5 /var/www/html/wp-includes/class-wp-hook.php(310): WP_Hook->apply_filters(NULL, Array)
#6 /var/www/html/wp-includes/plugin.php(515): WP_Hook->do_action(Array)
#7 /var/www/html/wp-includes/class-wp.php(373): do_action_ref_array('parse_request', Array)
#8 /var/www/html/wp-includes/class-wp.php(713): WP->parse_request('')
#9 /var/www in /var/www/html/wp-content/themes/dokan-child/api-functions.php on line 5641

2018-11-13T12:37:16+00:00 CRITICAL syntax error, unexpected end of file in /var/www/html/wp-content/themes/dokan-child/api-functions.php on line 722

