2018-11-02T11:57:51+00:00 CRITICAL Uncaught Error: Call to a member function get_type() on boolean in /var/www/html/wp-content/themes/dokan-child/functions.php:1220
Stack trace:
#0 /var/www/html/wp-includes/class-wp-hook.php(286): order_meta_box_YOURCONTENT('')
#1 /var/www/html/wp-includes/class-wp-hook.php(310): WP_Hook->apply_filters(NULL, Array)
#2 /var/www/html/wp-includes/plugin.php(453): WP_Hook->do_action(Array)
#3 /var/www/html/wp-content/plugins/woocommerce/includes/admin/meta-boxes/views/html-product-data-panel.php(46): do_action('woocommerce_pro...')
#4 /var/www/html/wp-content/plugins/woocommerce/includes/admin/meta-boxes/class-wc-meta-box-product-data.php(35): include('/var/www/html/w...')
#5 /var/www/html/wp-admin/includes/template.php(1073): WC_Meta_Box_Product_Data::output(Object(WP_Post), Array)
#6 /var/www/html/wp-admin/edit-form-advanced.php(714): do_meta_boxes(Object(WP_Screen), 'normal', Object(WP_Post))
#7 /var/www/html/wp-admin/post.php(174): include('/var/www/html/w...')
#8 {main}
  thrown

2018-11-02T11:58:19+00:00 CRITICAL Uncaught Error: Call to a member function get_type() on boolean in /var/www/html/wp-content/themes/dokan-child/functions.php:1220
Stack trace:
#0 /var/www/html/wp-includes/class-wp-hook.php(286): order_meta_box_YOURCONTENT('')
#1 /var/www/html/wp-includes/class-wp-hook.php(310): WP_Hook->apply_filters(NULL, Array)
#2 /var/www/html/wp-includes/plugin.php(453): WP_Hook->do_action(Array)
#3 /var/www/html/wp-content/plugins/woocommerce/includes/admin/meta-boxes/views/html-product-data-panel.php(46): do_action('woocommerce_pro...')
#4 /var/www/html/wp-content/plugins/woocommerce/includes/admin/meta-boxes/class-wc-meta-box-product-data.php(35): include('/var/www/html/w...')
#5 /var/www/html/wp-admin/includes/template.php(1073): WC_Meta_Box_Product_Data::output(Object(WP_Post), Array)
#6 /var/www/html/wp-admin/edit-form-advanced.php(714): do_meta_boxes(Object(WP_Screen), 'normal', Object(WP_Post))
#7 /var/www/html/wp-admin/post.php(174): include('/var/www/html/w...')
#8 {main}
  thrown

2018-11-02T11:59:19+00:00 CRITICAL Uncaught Error: Call to a member function get_type() on boolean in /var/www/html/wp-content/themes/dokan-child/functions.php:1220
Stack trace:
#0 /var/www/html/wp-includes/class-wp-hook.php(286): order_meta_box_YOURCONTENT('')
#1 /var/www/html/wp-includes/class-wp-hook.php(310): WP_Hook->apply_filters(NULL, Array)
#2 /var/www/html/wp-includes/plugin.php(453): WP_Hook->do_action(Array)
#3 /var/www/html/wp-content/plugins/woocommerce/includes/admin/meta-boxes/views/html-product-data-panel.php(46): do_action('woocommerce_pro...')
#4 /var/www/html/wp-content/plugins/woocommerce/includes/admin/meta-boxes/class-wc-meta-box-product-data.php(35): include('/var/www/html/w...')
#5 /var/www/html/wp-admin/includes/template.php(1073): WC_Meta_Box_Product_Data::output(Object(WP_Post), Array)
#6 /var/www/html/wp-admin/edit-form-advanced.php(714): do_meta_boxes(Object(WP_Screen), 'normal', Object(WP_Post))
#7 /var/www/html/wp-admin/post.php(174): include('/var/www/html/w...')
#8 {main}
  thrown

2018-11-02T11:59:30+00:00 CRITICAL Uncaught Error: Call to a member function get_type() on boolean in /var/www/html/wp-content/themes/dokan-child/functions.php:1220
Stack trace:
#0 /var/www/html/wp-includes/class-wp-hook.php(286): order_meta_box_YOURCONTENT('')
#1 /var/www/html/wp-includes/class-wp-hook.php(310): WP_Hook->apply_filters(NULL, Array)
#2 /var/www/html/wp-includes/plugin.php(453): WP_Hook->do_action(Array)
#3 /var/www/html/wp-content/plugins/woocommerce/includes/admin/meta-boxes/views/html-product-data-panel.php(46): do_action('woocommerce_pro...')
#4 /var/www/html/wp-content/plugins/woocommerce/includes/admin/meta-boxes/class-wc-meta-box-product-data.php(35): include('/var/www/html/w...')
#5 /var/www/html/wp-admin/includes/template.php(1073): WC_Meta_Box_Product_Data::output(Object(WP_Post), Array)
#6 /var/www/html/wp-admin/edit-form-advanced.php(714): do_meta_boxes(Object(WP_Screen), 'normal', Object(WP_Post))
#7 /var/www/html/wp-admin/post.php(174): include('/var/www/html/w...')
#8 {main}
  thrown

2018-11-02T12:00:03+00:00 CRITICAL Uncaught Error: Call to a member function get_type() on boolean in /var/www/html/wp-content/themes/dokan-child/functions.php:1220
Stack trace:
#0 /var/www/html/wp-includes/class-wp-hook.php(286): order_meta_box_YOURCONTENT('')
#1 /var/www/html/wp-includes/class-wp-hook.php(310): WP_Hook->apply_filters(NULL, Array)
#2 /var/www/html/wp-includes/plugin.php(453): WP_Hook->do_action(Array)
#3 /var/www/html/wp-content/plugins/woocommerce/includes/admin/meta-boxes/views/html-product-data-panel.php(46): do_action('woocommerce_pro...')
#4 /var/www/html/wp-content/plugins/woocommerce/includes/admin/meta-boxes/class-wc-meta-box-product-data.php(35): include('/var/www/html/w...')
#5 /var/www/html/wp-admin/includes/template.php(1073): WC_Meta_Box_Product_Data::output(Object(WP_Post), Array)
#6 /var/www/html/wp-admin/edit-form-advanced.php(714): do_meta_boxes(Object(WP_Screen), 'normal', Object(WP_Post))
#7 /var/www/html/wp-admin/post.php(174): include('/var/www/html/w...')
#8 {main}
  thrown

2018-11-02T12:00:15+00:00 CRITICAL Uncaught Error: Call to a member function get_type() on boolean in /var/www/html/wp-content/themes/dokan-child/functions.php:1220
Stack trace:
#0 /var/www/html/wp-includes/class-wp-hook.php(286): order_meta_box_YOURCONTENT('')
#1 /var/www/html/wp-includes/class-wp-hook.php(310): WP_Hook->apply_filters(NULL, Array)
#2 /var/www/html/wp-includes/plugin.php(453): WP_Hook->do_action(Array)
#3 /var/www/html/wp-content/plugins/woocommerce/includes/admin/meta-boxes/views/html-product-data-panel.php(46): do_action('woocommerce_pro...')
#4 /var/www/html/wp-content/plugins/woocommerce/includes/admin/meta-boxes/class-wc-meta-box-product-data.php(35): include('/var/www/html/w...')
#5 /var/www/html/wp-admin/includes/template.php(1073): WC_Meta_Box_Product_Data::output(Object(WP_Post), Array)
#6 /var/www/html/wp-admin/edit-form-advanced.php(714): do_meta_boxes(Object(WP_Screen), 'normal', Object(WP_Post))
#7 /var/www/html/wp-admin/post.php(174): include('/var/www/html/w...')
#8 {main}
  thrown

2018-11-02T12:00:27+00:00 CRITICAL Uncaught Error: Call to a member function get_type() on boolean in /var/www/html/wp-content/themes/dokan-child/functions.php:1220
Stack trace:
#0 /var/www/html/wp-includes/class-wp-hook.php(286): order_meta_box_YOURCONTENT('')
#1 /var/www/html/wp-includes/class-wp-hook.php(310): WP_Hook->apply_filters(NULL, Array)
#2 /var/www/html/wp-includes/plugin.php(453): WP_Hook->do_action(Array)
#3 /var/www/html/wp-content/plugins/woocommerce/includes/admin/meta-boxes/views/html-product-data-panel.php(46): do_action('woocommerce_pro...')
#4 /var/www/html/wp-content/plugins/woocommerce/includes/admin/meta-boxes/class-wc-meta-box-product-data.php(35): include('/var/www/html/w...')
#5 /var/www/html/wp-admin/includes/template.php(1073): WC_Meta_Box_Product_Data::output(Object(WP_Post), Array)
#6 /var/www/html/wp-admin/edit-form-advanced.php(714): do_meta_boxes(Object(WP_Screen), 'normal', Object(WP_Post))
#7 /var/www/html/wp-admin/post.php(174): include('/var/www/html/w...')
#8 {main}
  thrown

2018-11-02T12:02:16+00:00 CRITICAL Uncaught Error: Call to a member function get_type() on boolean in /var/www/html/wp-content/themes/dokan-child/functions.php:1220
Stack trace:
#0 /var/www/html/wp-includes/class-wp-hook.php(286): order_meta_box_YOURCONTENT('')
#1 /var/www/html/wp-includes/class-wp-hook.php(310): WP_Hook->apply_filters(NULL, Array)
#2 /var/www/html/wp-includes/plugin.php(453): WP_Hook->do_action(Array)
#3 /var/www/html/wp-content/plugins/woocommerce/includes/admin/meta-boxes/views/html-product-data-panel.php(46): do_action('woocommerce_pro...')
#4 /var/www/html/wp-content/plugins/woocommerce/includes/admin/meta-boxes/class-wc-meta-box-product-data.php(35): include('/var/www/html/w...')
#5 /var/www/html/wp-admin/includes/template.php(1073): WC_Meta_Box_Product_Data::output(Object(WP_Post), Array)
#6 /var/www/html/wp-admin/edit-form-advanced.php(714): do_meta_boxes(Object(WP_Screen), 'normal', Object(WP_Post))
#7 /var/www/html/wp-admin/post.php(174): include('/var/www/html/w...')
#8 {main}
  thrown

2018-11-02T12:02:22+00:00 CRITICAL Uncaught Error: Call to undefined function get_product_type() in /var/www/html/wp-content/themes/dokan-child/functions.php:1219
Stack trace:
#0 /var/www/html/wp-includes/class-wp-hook.php(286): order_meta_box_YOURCONTENT('')
#1 /var/www/html/wp-includes/class-wp-hook.php(310): WP_Hook->apply_filters(NULL, Array)
#2 /var/www/html/wp-includes/plugin.php(453): WP_Hook->do_action(Array)
#3 /var/www/html/wp-content/plugins/woocommerce/includes/admin/meta-boxes/views/html-product-data-panel.php(46): do_action('woocommerce_pro...')
#4 /var/www/html/wp-content/plugins/woocommerce/includes/admin/meta-boxes/class-wc-meta-box-product-data.php(35): include('/var/www/html/w...')
#5 /var/www/html/wp-admin/includes/template.php(1073): WC_Meta_Box_Product_Data::output(Object(WP_Post), Array)
#6 /var/www/html/wp-admin/edit-form-advanced.php(714): do_meta_boxes(Object(WP_Screen), 'normal', Object(WP_Post))
#7 /var/www/html/wp-admin/post.php(174): include('/var/www/html/w...')
#8 {main}
  thrown

2018-11-02T12:04:31+00:00 CRITICAL Uncaught Error: Call to undefined function get_product_type() in /var/www/html/wp-content/themes/dokan-child/functions.php:1219
Stack trace:
#0 /var/www/html/wp-includes/class-wp-hook.php(286): order_meta_box_YOURCONTENT('')
#1 /var/www/html/wp-includes/class-wp-hook.php(310): WP_Hook->apply_filters(NULL, Array)
#2 /var/www/html/wp-includes/plugin.php(453): WP_Hook->do_action(Array)
#3 /var/www/html/wp-content/plugins/woocommerce/includes/admin/meta-boxes/views/html-product-data-panel.php(46): do_action('woocommerce_pro...')
#4 /var/www/html/wp-content/plugins/woocommerce/includes/admin/meta-boxes/class-wc-meta-box-product-data.php(35): include('/var/www/html/w...')
#5 /var/www/html/wp-admin/includes/template.php(1073): WC_Meta_Box_Product_Data::output(Object(WP_Post), Array)
#6 /var/www/html/wp-admin/edit-form-advanced.php(714): do_meta_boxes(Object(WP_Screen), 'normal', Object(WP_Post))
#7 /var/www/html/wp-admin/post.php(174): include('/var/www/html/w...')
#8 {main}
  thrown

2018-11-02T12:05:46+00:00 CRITICAL Uncaught Error: Call to undefined function get_product_type() in /var/www/html/wp-content/themes/dokan-child/functions.php:1219
Stack trace:
#0 /var/www/html/wp-includes/class-wp-hook.php(286): order_meta_box_YOURCONTENT('')
#1 /var/www/html/wp-includes/class-wp-hook.php(310): WP_Hook->apply_filters(NULL, Array)
#2 /var/www/html/wp-includes/plugin.php(453): WP_Hook->do_action(Array)
#3 /var/www/html/wp-content/plugins/woocommerce/includes/admin/meta-boxes/views/html-product-data-panel.php(46): do_action('woocommerce_pro...')
#4 /var/www/html/wp-content/plugins/woocommerce/includes/admin/meta-boxes/class-wc-meta-box-product-data.php(35): include('/var/www/html/w...')
#5 /var/www/html/wp-admin/includes/template.php(1073): WC_Meta_Box_Product_Data::output(Object(WP_Post), Array)
#6 /var/www/html/wp-admin/edit-form-advanced.php(714): do_meta_boxes(Object(WP_Screen), 'normal', Object(WP_Post))
#7 /var/www/html/wp-admin/post.php(174): include('/var/www/html/w...')
#8 {main}
  thrown

2018-11-02T12:07:37+00:00 CRITICAL Uncaught Error: Call to undefined function get_product_type() in /var/www/html/wp-content/themes/dokan-child/functions.php:1218
Stack trace:
#0 /var/www/html/wp-includes/class-wp-hook.php(286): order_meta_box_YOURCONTENT('')
#1 /var/www/html/wp-includes/class-wp-hook.php(310): WP_Hook->apply_filters(NULL, Array)
#2 /var/www/html/wp-includes/plugin.php(453): WP_Hook->do_action(Array)
#3 /var/www/html/wp-content/plugins/woocommerce/includes/admin/meta-boxes/views/html-product-data-panel.php(46): do_action('woocommerce_pro...')
#4 /var/www/html/wp-content/plugins/woocommerce/includes/admin/meta-boxes/class-wc-meta-box-product-data.php(35): include('/var/www/html/w...')
#5 /var/www/html/wp-admin/includes/template.php(1073): WC_Meta_Box_Product_Data::output(Object(WP_Post), Array)
#6 /var/www/html/wp-admin/edit-form-advanced.php(714): do_meta_boxes(Object(WP_Screen), 'normal', Object(WP_Post))
#7 /var/www/html/wp-admin/post.php(174): include('/var/www/html/w...')
#8 {main}
  thrown

